<?xml version="1.0" encoding="UTF-8"?>
<robot generator="Robot 6.0.2 (Python 3.9.10 on win32)" generated="20230517 15:19:56.664" rpa="false" schemaversion="3">
<suite id="s1" name="Dashboard" source="C:\maa_code\robot\tests\dashboard.robot">
<test id="s1-t1" name="Tableau de board" line="26">
<kw name="Ouvre la page d'accueil">
<kw name="Open Browser" library="SeleniumLibrary">
<arg>https://coreui.io/demos/angular/4.2/free/#/dashboard</arg>
<arg>chrome</arg>
<doc>Opens a new browser instance to the optional ``url``.</doc>
<msg timestamp="20230517 15:19:57.066" level="INFO">Opening browser 'chrome' to base url 'https://coreui.io/demos/angular/4.2/free/#/dashboard'.</msg>
<status status="PASS" starttime="20230517 15:19:57.065" endtime="20230517 15:20:00.922"/>
</kw>
<kw name="Title Should Be" library="SeleniumLibrary">
<arg>CoreUI Free Angular Admin Template</arg>
<doc>Verifies that the current page title equals ``title``.</doc>
<msg timestamp="20230517 15:20:00.930" level="INFO">Page title is 'CoreUI Free Angular Admin Template'.</msg>
<status status="PASS" starttime="20230517 15:20:00.923" endtime="20230517 15:20:00.931"/>
</kw>
<kw name="Sleep" library="BuiltIn">
<arg>2</arg>
<doc>Pauses the test executed for the given time.</doc>
<msg timestamp="20230517 15:20:02.935" level="INFO">Slept 2 seconds</msg>
<status status="PASS" starttime="20230517 15:20:00.931" endtime="20230517 15:20:02.935"/>
</kw>
<kw name="Click Element" library="SeleniumLibrary">
<arg>xpath://*[@id="sidebar"]/perfect-scrollbar/div/div[1]/c-sidebar-nav/c-sidebar-nav-group[2]/a</arg>
<doc>Click the element identified by ``locator``.</doc>
<msg timestamp="20230517 15:20:02.937" level="INFO">Clicking element 'xpath://*[@id="sidebar"]/perfect-scrollbar/div/div[1]/c-sidebar-nav/c-sidebar-nav-group[2]/a'.</msg>
<status status="PASS" starttime="20230517 15:20:02.936" endtime="20230517 15:20:03.134"/>
</kw>
<kw name="Click Element" library="SeleniumLibrary">
<arg>xpath://*[@id="sidebar"]/perfect-scrollbar/div/div[1]/c-sidebar-nav/c-sidebar-nav-group[2]/c-sidebar-nav/c-sidebar-nav-link[1]/a</arg>
<doc>Click the element identified by ``locator``.</doc>
<msg timestamp="20230517 15:20:03.135" level="INFO">Clicking element 'xpath://*[@id="sidebar"]/perfect-scrollbar/div/div[1]/c-sidebar-nav/c-sidebar-nav-group[2]/c-sidebar-nav/c-sidebar-nav-link[1]/a'.</msg>
<status status="PASS" starttime="20230517 15:20:03.135" endtime="20230517 15:20:03.258"/>
</kw>
<kw name="Sleep" library="BuiltIn">
<arg>5</arg>
<doc>Pauses the test executed for the given time.</doc>
<msg timestamp="20230517 15:20:08.268" level="INFO">Slept 5 seconds</msg>
<status status="PASS" starttime="20230517 15:20:03.259" endtime="20230517 15:20:08.269"/>
</kw>
<kw name="Capture Page Screenshot" library="SeleniumLibrary">
<arg>accueil.png</arg>
<doc>Takes a screenshot of the current page and embeds it into a log file.</doc>
<msg timestamp="20230517 15:20:08.379" level="INFO" html="true">&lt;/td&gt;&lt;/tr&gt;&lt;tr&gt;&lt;td colspan="3"&gt;&lt;a href="accueil.png"&gt;&lt;img src="accueil.png" width="800px"&gt;&lt;/a&gt;</msg>
<status status="PASS" starttime="20230517 15:20:08.269" endtime="20230517 15:20:08.379"/>
</kw>
<status status="PASS" starttime="20230517 15:19:57.065" endtime="20230517 15:20:08.380"/>
</kw>
<kw name="Close Browser" library="SeleniumLibrary" type="TEARDOWN">
<doc>Closes the current browser.</doc>
<status status="PASS" starttime="20230517 15:20:08.380" endtime="20230517 15:20:10.947"/>
</kw>
<status status="PASS" starttime="20230517 15:19:57.064" endtime="20230517 15:20:10.947"/>
</test>
<doc>Test sur le Dashboard de CORE UI Angular</doc>
<status status="PASS" starttime="20230517 15:19:56.684" endtime="20230517 15:20:10.948"/>
</suite>
<statistics>
<total>
<stat pass="1" fail="0" skip="0">All Tests</stat>
</total>
<tag>
</tag>
<suite>
<stat pass="1" fail="0" skip="0" id="s1" name="Dashboard">Dashboard</stat>
</suite>
</statistics>
<errors>
</errors>
</robot>
